Arguments: 
  D:\node\nodejs\node.exe D:\node\nodejs\node_modules\yarn\bin\yarn.js add webpack webpack-cli

PATH: 
  C:\WINDOWS\system32;C:\WINDOWS;C:\WINDOWS\System32\Wbem;C:\WINDOWS\System32\WindowsPowerShell\v1.0\;C:\WINDOWS\System32\OpenSSH\;C:\Program Files\dotnet\;C:\Program Files\NVIDIA Corporation\NVIDIA NvDLISR;C:\Program Files (x86)\NVIDIA Corporation\PhysX\Common;C:\Program Files\Git\cmd;C:\WINDOWS\system32;C:\WINDOWS;C:\WINDOWS\System32\Wbem;C:\WINDOWS\System32\WindowsPowerShell\v1.0\;C:\WINDOWS\System32\OpenSSH\;C:\ProgramData\chocolatey\bin;D:\node\nvm;D:\node\nodejs;C:\ADBKit;C:\Users\bbggkkk\AppData\Local\Microsoft\WindowsApps;C:\Users\bbggkkk\AppData\Local\Programs\Microsoft VS Code\bin;C:\Program Files\Bandizip\;D:\node\nvm;D:\node\nodejs

Yarn version: 
  1.22.17

Node version: 
  16.13.0

Platform: 
  win32 x64

Trace: 
  Error: https://registry.yarnpkg.com/webpack%20webpack-cli: Not found
      at Request.params.callback [as _callback] (D:\node\nvm\v16.13.0\node_modules\yarn\lib\cli.js:67029:18)
      at Request.self.callback (D:\node\nvm\v16.13.0\node_modules\yarn\lib\cli.js:140883:22)
      at Request.emit (node:events:390:28)
      at Request.<anonymous> (D:\node\nvm\v16.13.0\node_modules\yarn\lib\cli.js:141855:10)
      at Request.emit (node:events:390:28)
      at IncomingMessage.<anonymous> (D:\node\nvm\v16.13.0\node_modules\yarn\lib\cli.js:141777:12)
      at Object.onceWrapper (node:events:509:28)
      at IncomingMessage.emit (node:events:402:35)
      at endReadableNT (node:internal/streams/readable:1343:12)
      at processTicksAndRejections (node:internal/process/task_queues:83:21)

npm manifest: 
  {
    "dependencies": {
      "global": "^4.4.0",
      "tsc": "^2.0.3"
    },
    "devDependencies": {
      "tsc-watch": "^4.5.0"
    }
  }

yarn manifest: 
  No manifest

Lockfile: 
  # THIS IS AN AUTOGENERATED FILE. DO NOT EDIT THIS FILE DIRECTLY.
  # yarn lockfile v1
  
  
  "ansi-regex@^5.0.1":
    "integrity" "sha512-quJQXlTSUGL2LH9SUXo8VwsY4soanhgo6LNSm84E1LBcE8s3O0wpdiRzyR9z/ZZJMlMWv37qOOb9pdJlMUEKFQ=="
    "resolved" "https://registry.npmjs.org/ansi-regex/-/ansi-regex-5.0.1.tgz"
    "version" "5.0.1"
  
  "cross-spawn@^7.0.3":
    "integrity" "sha512-iRDPJKUPVEND7dHPO8rkbOnPpyDygcDFtWjpeWNCgy8WP2rXcxXL8TskReQl6OrB2G7+UJrags1q15Fudc7G6w=="
    "resolved" "https://registry.npmjs.org/cross-spawn/-/cross-spawn-7.0.3.tgz"
    "version" "7.0.3"
    dependencies:
      "path-key" "^3.1.0"
      "shebang-command" "^2.0.0"
      "which" "^2.0.1"
  
  "dom-walk@^0.1.0":
    "integrity" "sha512-6QvTW9mrGeIegrFXdtQi9pk7O/nSK6lSdXW2eqUspN5LWD7UTji2Fqw5V2YLjBpHEoU9Xl/eUWNpDeZvoyOv2w=="
    "resolved" "https://registry.npmjs.org/dom-walk/-/dom-walk-0.1.2.tgz"
    "version" "0.1.2"
  
  "duplexer@~0.1.1":
    "integrity" "sha512-jtD6YG370ZCIi/9GTaJKQxWTZD045+4R4hTk/x1UyoqadyJ9x9CgSi1RlVDQF8U2sxLLSnFkCaMihqljHIWgMg=="
    "resolved" "https://registry.npmjs.org/duplexer/-/duplexer-0.1.2.tgz"
    "version" "0.1.2"
  
  "event-stream@=3.3.4":
    "integrity" "sha1-SrTJoPWlTbkzi0w02Gv86PSzVXE="
    "resolved" "https://registry.npmjs.org/event-stream/-/event-stream-3.3.4.tgz"
    "version" "3.3.4"
    dependencies:
      "duplexer" "~0.1.1"
      "from" "~0"
      "map-stream" "~0.1.0"
      "pause-stream" "0.0.11"
      "split" "0.3"
      "stream-combiner" "~0.0.4"
      "through" "~2.3.1"
  
  "from@~0":
    "integrity" "sha1-g8YK/Fi5xWmXAH7Rp2izqzA6RP4="
    "resolved" "https://registry.npmjs.org/from/-/from-0.1.7.tgz"
    "version" "0.1.7"
  
  "global@^4.4.0":
    "integrity" "sha512-wv/LAoHdRE3BeTGz53FAamhGlPLhlssK45usmGFThIi4XqnBmjKQ16u+RNbP7WvigRZDxUsM0J3gcQ5yicaL0w=="
    "resolved" "https://registry.npmjs.org/global/-/global-4.4.0.tgz"
    "version" "4.4.0"
    dependencies:
      "min-document" "^2.19.0"
      "process" "^0.11.10"
  
  "isexe@^2.0.0":
    "integrity" "sha1-6PvzdNxVb/iUehDcsFctYz8s+hA="
    "resolved" "https://registry.npmjs.org/isexe/-/isexe-2.0.0.tgz"
    "version" "2.0.0"
  
  "map-stream@~0.1.0":
    "integrity" "sha1-5WqpTEyAVaFkBKBnS3jyFffI4ZQ="
    "resolved" "https://registry.npmjs.org/map-stream/-/map-stream-0.1.0.tgz"
    "version" "0.1.0"
  
  "min-document@^2.19.0":
    "integrity" "sha1-e9KC4/WELtKVu3SM3Z8f+iyCRoU="
    "resolved" "https://registry.npmjs.org/min-document/-/min-document-2.19.0.tgz"
    "version" "2.19.0"
    dependencies:
      "dom-walk" "^0.1.0"
  
  "node-cleanup@^2.1.2":
    "integrity" "sha1-esGavSl+Caf3KnFUXZUbUX5N3iw="
    "resolved" "https://registry.npmjs.org/node-cleanup/-/node-cleanup-2.1.2.tgz"
    "version" "2.1.2"
  
  "path-key@^3.1.0":
    "integrity" "sha512-ojmeN0qd+y0jszEtoY48r0Peq5dwMEkIlCOu6Q5f41lfkswXuKtYrhgoTpLnyIcHm24Uhqx+5Tqm2InSwLhE6Q=="
    "resolved" "https://registry.npmjs.org/path-key/-/path-key-3.1.1.tgz"
    "version" "3.1.1"
  
  "pause-stream@0.0.11":
    "integrity" "sha1-/lo0sMvOErWqaitAPuLnO2AvFEU="
    "resolved" "https://registry.npmjs.org/pause-stream/-/pause-stream-0.0.11.tgz"
    "version" "0.0.11"
    dependencies:
      "through" "~2.3"
  
  "process@^0.11.10":
    "integrity" "sha1-czIwDoQBYb2j5podHZGn1LwW8YI="
    "resolved" "https://registry.npmjs.org/process/-/process-0.11.10.tgz"
    "version" "0.11.10"
  
  "ps-tree@^1.2.0":
    "integrity" "sha512-0VnamPPYHl4uaU/nSFeZZpR21QAWRz+sRv4iW9+v/GS/J5U5iZB5BNN6J0RMoOvdx2gWM2+ZFMIm58q24e4UYA=="
    "resolved" "https://registry.npmjs.org/ps-tree/-/ps-tree-1.2.0.tgz"
    "version" "1.2.0"
    dependencies:
      "event-stream" "=3.3.4"
  
  "shebang-command@^2.0.0":
    "integrity" "sha512-kHxr2zZpYtdmrN1qDjrrX/Z1rR1kG8Dx+gkpK1G4eXmvXswmcE1hTWBWYUzlraYw1/yZp6YuDY77YtvbN0dmDA=="
    "resolved" "https://registry.npmjs.org/shebang-command/-/shebang-command-2.0.0.tgz"
    "version" "2.0.0"
    dependencies:
      "shebang-regex" "^3.0.0"
  
  "shebang-regex@^3.0.0":
    "integrity" "sha512-7++dFhtcx3353uBaq8DDR4NuxBetBzC7ZQOhmTQInHEd6bSrXdiEyzCvG07Z44UYdLShWUyXt5M/yhz8ekcb1A=="
    "resolved" "https://registry.npmjs.org/shebang-regex/-/shebang-regex-3.0.0.tgz"
    "version" "3.0.0"
  
  "split@0.3":
    "integrity" "sha1-zQ7qXmOiEd//frDwkcQTPi0N0o8="
    "resolved" "https://registry.npmjs.org/split/-/split-0.3.3.tgz"
    "version" "0.3.3"
    dependencies:
      "through" "2"
  
  "stream-combiner@~0.0.4":
    "integrity" "sha1-TV5DPBhSYd3mI8o/RMWGvPXErRQ="
    "resolved" "https://registry.npmjs.org/stream-combiner/-/stream-combiner-0.0.4.tgz"
    "version" "0.0.4"
    dependencies:
      "duplexer" "~0.1.1"
  
  "string-argv@^0.1.1":
    "integrity" "sha512-mBqPGEOMNJKXRo7z0keX0wlAhbBAjilUdPW13nN0PecVryZxdHIeM7TqbsSUA7VYuS00HGC6mojP7DlQzfa9ZA=="
    "resolved" "https://registry.npmjs.org/string-argv/-/string-argv-0.1.2.tgz"
    "version" "0.1.2"
  
  "strip-ansi@^6.0.0":
    "integrity" "sha512-Y38VPSHcqkFrCpFnQ9vuSXmquuv5oXOKpGeT6aGrr3o3Gc9AlVa6JBfUSOCnbxGGZF+/0ooI7KrPuUSztUdU5A=="
    "resolved" "https://registry.npmjs.org/strip-ansi/-/strip-ansi-6.0.1.tgz"
    "version" "6.0.1"
    dependencies:
      "ansi-regex" "^5.0.1"
  
  "through@~2.3", "through@~2.3.1", "through@2":
    "integrity" "sha1-DdTJ/6q8NXlgsbckEV1+Doai4fU="
    "resolved" "https://registry.npmjs.org/through/-/through-2.3.8.tgz"
    "version" "2.3.8"
  
  "tsc-watch@^4.5.0":
    "integrity" "sha512-aXhN4jY+1YEcn/NwCQ/+fHqU43EqOpW+pS+933EPsVEsrKhvyrodPDIjQsk1a1niFrabAK3RIBrRbAslVefEbQ=="
    "resolved" "https://registry.npmjs.org/tsc-watch/-/tsc-watch-4.5.0.tgz"
    "version" "4.5.0"
    dependencies:
      "cross-spawn" "^7.0.3"
      "node-cleanup" "^2.1.2"
      "ps-tree" "^1.2.0"
      "string-argv" "^0.1.1"
      "strip-ansi" "^6.0.0"
  
  "tsc@^2.0.3":
    "integrity" "sha512-SN+9zBUtrpUcOpaUO7GjkEHgWtf22c7FKbKCA4e858eEM7Qz86rRDpgOU2lBIDf0fLCsEg65ms899UMUIB2+Ow=="
    "resolved" "https://registry.npmjs.org/tsc/-/tsc-2.0.3.tgz"
    "version" "2.0.3"
  
  "typescript@*":
    "integrity" "sha512-DqGhF5IKoBl8WNf8C1gu8q0xZSInh9j1kJJMqT3a94w1JzVaBU4EXOSMrz9yDqMT0xt3selp83fuFMQ0uzv6qA=="
    "resolved" "https://registry.npmjs.org/typescript/-/typescript-4.4.4.tgz"
    "version" "4.4.4"
  
  "which@^2.0.1":
    "integrity" "sha512-BLI3Tl1TW3Pvl70l3yq3Y64i+awpwXqsGBYWkkqMtnbXgrMD+yj7rhW0kuEDxzJaYXGjEW5ogapKNMEKNMjibA=="
    "resolved" "https://registry.npmjs.org/which/-/which-2.0.2.tgz"
    "version" "2.0.2"
    dependencies:
      "isexe" "^2.0.0"
